Build started 10/29/2011 4:47:29 PM.
     1>Project "E:\My Projects\KinectHumanTracking\Robot Vision\Robot Vision.vcxproj" on node 2 (build target(s)).
     1>InitializeBuildStatus:
         Creating "Debug\Robot Vision.unsuccessfulbuild" because "AlwaysCreate" was specified.
       ClCompile:
         All outputs are up-to-date.
         All outputs are up-to-date.
       ResourceCompile:
         All outputs are up-to-date.
       ManifestResourceCompile:
         All outputs are up-to-date.
       Link:
         All outputs are up-to-date.
       Manifest:
         C:\Program Files\Microsoft SDKs\Windows\v7.0A\bin\mt.exe /nologo /verbose /out:"Debug\Robot Vision.exe.embed.manifest" /manifest "Debug\Robot Vision.exe.intermediate.manifest" "C:\Program Files\Microsoft Visual Studio 10.0\VC\Include\Manifest\dpiaware.manifest"
         All outputs are up-to-date.
       FinalizeBuildStatus:
         Deleting file "Debug\Robot Vision.unsuccessfulbuild".
         Touching "Debug\Robot Vision.lastbuildstate".
     1>Done Building Project "E:\My Projects\KinectHumanTracking\Robot Vision\Robot Vision.vcxproj" (build target(s)).

Build succeeded.

Time Elapsed 00:00:00.49
